Build started 03/08/2015 0:37:11.
     1>Project "C:\Users\Slem-Destop\CodeWSP\Nain\CPPRW\GoogleEducation\Start\Start\Start.vcxproj" on node 2 (Rebuild target(s)).
     1>C:\Program Files (x86)\MSBuild\Microsoft.Cpp\v4.0\V140\Microsoft.CppBuild.targets(392,5): warning MSB8028: The intermediate directory (Debug\) contains files shared from another project (Start.vcxproj).  This can lead to incorrect clean and rebuild behavior.
     1>ClCompile:
         C:\Program Files (x86)\Microsoft Visual Studio 14.0\VC\bin\CL.exe /c /ZI /nologo /W3 /WX- /sdl /Od /Oy- /D WIN32 /D _DEBUG /D _CONSOLE /D _UNICODE /D UNICODE /Gm /EHsc /RTC1 /MDd /GS /fp:precise /Zc:wchar_t /Zc:forScope /Zc:inline /Fo"Debug\\" /Fd"Debug\vc140.pdb" /Gd /TP /analyze- /errorReport:prompt Euclidean.cpp get_input.cpp GuessGame.cpp hello.cpp Main.cpp output_test.cpp
         output_test.cpp
         Main.cpp
         hello.cpp
         GuessGame.cpp
     1>c:\users\slem-destop\codewsp\nain\cpprw\googleeducation\start\start\guessgame.cpp(15): warning C4244: 'argument': conversion from 'time_t' to 'unsigned int', possible loss of data
         get_input.cpp
         Euclidean.cpp
         Generating Code...
       Link:
         C:\Program Files (x86)\Microsoft Visual Studio 14.0\VC\bin\link.exe /ERRORREPORT:PROMPT /OUT:"C:\Users\Slem-Destop\CodeWSP\Nain\CPPRW\GoogleEducation\Start\Debug\GettingStarted.exe" /INCREMENTAL /NOLOGO kernel32.lib user32.lib gdi32.lib winspool.lib comdlg32.lib advapi32.lib shell32.lib ole32.lib oleaut32.lib uuid.lib odbc32.lib odbccp32.lib /MANIFEST /MANIFESTUAC:"level='asInvoker' uiAccess='false'" /manifest:embed /Debug /PDB:"C:\Users\Slem-Destop\CodeWSP\Nain\CPPRW\GoogleEducation\Start\Debug\GettingStarted.pdb" /SUBSYSTEM:CONSOLE /TLBID:1 /DYNAMICBASE /NXCOMPAT /IMPLIB:"C:\Users\Slem-Destop\CodeWSP\Nain\CPPRW\GoogleEducation\Start\Debug\GettingStarted.lib" /MACHINE:X86 Debug\Euclidean.obj
         Debug\get_input.obj
         Debug\GuessGame.obj
         Debug\hello.obj
         Debug\Main.obj
         Debug\output_test.obj
         Start.vcxproj -> C:\Users\Slem-Destop\CodeWSP\Nain\CPPRW\GoogleEducation\Start\Debug\GettingStarted.exe
     1>Done Building Project "C:\Users\Slem-Destop\CodeWSP\Nain\CPPRW\GoogleEducation\Start\Start\Start.vcxproj" (Rebuild target(s)).

Build succeeded.

Time Elapsed 00:00:02.04
